0 info it worked if it ends with ok
1 verbose cli [ '/usr/local/bin/node',
1 verbose cli   '/usr/local/bin/npm',
1 verbose cli   'run-script',
1 verbose cli   'monitor' ]
2 info using npm@1.1.48
3 info using node@v0.8.6
4 verbose config file /home/foxyboy/.npmrc
5 verbose config file /usr/local/etc/npmrc
6 verbose config file /usr/local/lib/node_modules/npm/npmrc
7 verbose read json /home/foxyboy/Desktop/c505/node/webfiller/package.json
8 verbose run-script [ 'premonitor', 'monitor', 'postmonitor' ]
9 info premonitor webfiller@0.0.2
10 info monitor webfiller@0.0.2
11 verbose unsafe-perm in lifecycle true
12 silly exec sh "-c" "mocha --ui exports --reporter min --watch"
13 silly sh,-c,mocha --ui exports --reporter min --watch,/home/foxyboy/Desktop/c505/node/webfiller spawning
14 info webfiller@0.0.2 Failed to exec monitor script
15 error webfiller@0.0.2 monitor: `mocha --ui exports --reporter min --watch`
15 error `sh "-c" "mocha --ui exports --reporter min --watch"` failed with 1
16 error Failed at the webfiller@0.0.2 monitor script.
16 error This is most likely a problem with the webfiller package,
16 error not with npm itself.
16 error Tell the author that this fails on your system:
16 error     mocha --ui exports --reporter min --watch
16 error You can get their info via:
16 error     npm owner ls webfiller
16 error There is likely additional logging output above.
17 error System Linux 3.2.0-29-generic
18 error command "/usr/local/bin/node" "/usr/local/bin/npm" "run-script" "monitor"
19 error cwd /home/foxyboy/Desktop/c505/node/webfiller
20 error node -v v0.8.6
21 error npm -v 1.1.48
22 error code ELIFECYCLE
23 verbose exit [ 1, true ]
